<?xml version="1.0" encoding="UTF-8"?>
<!-- Generated by org.testng.reporters.JUnitReportReporter -->
<testsuite hostname="NaveenDudhyal" failures="0" tests="1" name="com.myshop.testcase.Register_TestCase" time="10.750" errors="0" timestamp="2024-07-28T21:11:47 IST" skipped="0">
  <testcase classname="com.myshop.testcase.Register_TestCase" name="verify_that__create_account_button_works_properly" time="10.750"/>
</testsuite> <!-- com.myshop.testcase.Register_TestCase -->
