<?xml version="1.0" encoding="UTF-8"?>
<!-- Generated by org.testng.reporters.JUnitReportReporter -->
<testsuite hostname="NaveenDudhyal" failures="0" tests="1" name="com.myshop.testcase.SignIn_TestCase" time="13.435" errors="0" timestamp="2024-08-11T07:10:52 IST" skipped="0">
  <testcase classname="com.myshop.testcase.SignIn_TestCase" name="TC001_verify_that_text_of_Signin_btn" time="13.435"/>
</testsuite> <!-- com.myshop.testcase.SignIn_TestCase -->
